Build started 2018/8/2 上午 12:07:24.
     1>Project "D:\桌面\final_project\final_project\final_project\final_project.vcxproj" on node 2 (rebuild target(s)).
     1>_PrepareForClean:
         Deleting file "Debug\final_project.lastbuildstate".
       InitializeBuildStatus:
         Creating "Debug\final_project.unsuccessfulbuild" because "AlwaysCreate" was specified.
       ClCompile:
         C:\Program Files (x86)\Microsoft Visual Studio 10.0\VC\bin\CL.exe /c /ZI /nologo /W3 /WX- /Od /Oy- /D _MBCS /Gm /EHsc /RTC1 /MD /GS /fp:precise /Zc:wchar_t /Zc:forScope /Fo"Debug\\" /Fd"Debug\vc100.pdb" /Gd /TP /analyze- /errorReport:prompt main.cpp page_base.cpp public_tool.cpp
         public_tool.cpp
         page_base.cpp
         main.cpp
     1>d:\桌面\final_project\final_project\final_project\throw_coin.h(19): warning C4244: 'argument' : conversion from 'time_t' to 'unsigned int', possible loss of data
     1>d:\桌面\final_project\final_project\final_project\player.h(169): warning C4244: '=' : conversion from 'double' to 'float', possible loss of data
     1>d:\桌面\final_project\final_project\final_project\main.cpp(400): warning C4244: 'argument' : conversion from 'time_t' to 'unsigned int', possible loss of data
     1>d:\桌面\final_project\final_project\final_project\main.cpp(402): warning C4244: '=' : conversion from 'int' to 'float', possible loss of data
     1>d:\桌面\final_project\final_project\final_project\main.cpp(403): warning C4244: '=' : conversion from 'int' to 'float', possible loss of data
         Generating Code...
     1>d:\桌面\final_project\final_project\final_project\page_base.cpp(9): warning C4715: 'page_base::judge_type' : not all control paths return a value
       Link:
         C:\Program Files (x86)\Microsoft Visual Studio 10.0\VC\bin\link.exe /ERRORREPORT:PROMPT /OUT:"D:\桌面\final_project\final_project\Debug\final_project.exe" /NOLOGO SDLmain.lib SDL.lib SDL_image.lib OpenGL32.lib glu32.lib SDL_ttf.lib kernel32.lib user32.lib gdi32.lib winspool.lib comdlg32.lib advapi32.lib shell32.lib ole32.lib oleaut32.lib uuid.lib odbc32.lib odbccp32.lib /MANIFEST /ManifestFile:"Debug\final_project.exe.intermediate.manifest" /MANIFESTUAC:"level='asInvoker' uiAccess='false'" /DEBUG /PDB:"D:\桌面\final_project\final_project\Debug\final_project.pdb" /SUBSYSTEM:CONSOLE /TLBID:1 /DYNAMICBASE /NXCOMPAT /IMPLIB:"D:\桌面\final_project\final_project\Debug\final_project.lib" /MACHINE:X86 Debug\main.obj
         Debug\page_base.obj
         Debug\public_tool.obj
         final_project.vcxproj -> D:\桌面\final_project\final_project\Debug\final_project.exe
       Manifest:
         C:\Program Files (x86)\Microsoft SDKs\Windows\v7.0A\bin\mt.exe /nologo /verbose /outputresource:"D:\桌面\final_project\final_project\Debug\final_project.exe;#1" /manifest Debug\final_project.exe.intermediate.manifest
       FinalizeBuildStatus:
         Deleting file "Debug\final_project.unsuccessfulbuild".
         Touching "Debug\final_project.lastbuildstate".
     1>Done Building Project "D:\桌面\final_project\final_project\final_project\final_project.vcxproj" (rebuild target(s)).

Build succeeded.

Time Elapsed 00:00:02.69
